mode: set
encore.app/bills/workflow/workflow.go:9.112,33.53 6 1
encore.app/bills/workflow/workflow.go:33.53,34.32 1 1
encore.app/bills/workflow/workflow.go:34.32,36.5 1 0
encore.app/bills/workflow/workflow.go:38.4,59.18 10 1
encore.app/bills/workflow/workflow.go:59.18,61.5 1 0
encore.app/bills/workflow/workflow.go:63.4,64.19 2 1
encore.app/bills/workflow/workflow.go:69.2,71.29 2 1
encore.app/bills/workflow/workflow.go:71.29,75.78 2 1
encore.app/bills/workflow/workflow.go:75.78,79.30 3 1
encore.app/bills/workflow/workflow.go:79.30,85.5 2 0
encore.app/bills/workflow/workflow.go:87.4,89.34 2 1
encore.app/bills/workflow/workflow.go:89.34,96.5 2 1
encore.app/bills/workflow/workflow.go:98.4,112.18 4 1
encore.app/bills/workflow/workflow.go:112.18,115.5 2 1
encore.app/bills/workflow/workflow.go:117.4,133.5 4 1
encore.app/bills/workflow/workflow.go:137.3,137.58 1 1
encore.app/bills/workflow/workflow.go:137.58,138.30 1 1
encore.app/bills/workflow/workflow.go:138.30,140.5 1 0
encore.app/bills/workflow/workflow.go:142.4,163.18 9 1
encore.app/bills/workflow/workflow.go:163.18,165.5 1 0
encore.app/bills/workflow/workflow.go:169.3,169.78 1 1
encore.app/bills/workflow/workflow.go:169.78,173.4 3 1
encore.app/bills/workflow/workflow.go:176.3,176.23 1 1
encore.app/bills/workflow/workflow.go:179.2,179.34 1 1
encore.app/bills/workflow/workflow.go:179.34,179.78 1 1
encore.app/bills/workflow/workflow.go:180.2,180.12 1 1
